# JRE version: Java(TM) SE Runtime Environment (21.0.5+9) (build 21.0.5+9-LTS-239)
# Java VM: Java HotSpot(TM) 64-Bit Server VM (21.0.5+9-LTS-239, mixed mode, sharing, tiered, compressed oops, compressed class ptrs, g1 gc, windows-amd64)
GC Precious Log:
 CardTable entry size: 512
 Card Set container configuration: InlinePtr #cards 5 size 8 Array Of Cards #cards 12 size 40 Howl #buckets 4 coarsen threshold 1843 Howl Bitmap #cards 512 size 80 coarsen threshold 460 Card regions per heap region 1 cards per card region 2048
 CPUs: 8 total, 8 available
 Memory: 8002M
 Large Page Support: Disabled
 NUMA Support: Disabled
 Compressed Oops: Enabled (32-bit)
 Heap Region Size: 1M
 Heap Min Capacity: 8M
 Heap Initial Capacity: 126M
 Heap Max Capacity: 2002M
 Pre-touch: Disabled
 Parallel Workers: 8
 Concurrent Workers: 2
 Concurrent Refinement Workers: 8
 Periodic GC: Disabled
Heap:
 garbage-first heap   total 389120K, used 93360K [0x0000000082e00000, 0x0000000100000000)
  region size 1024K, 1 young (1024K), 1 survivors (1024K)
 Metaspace       used 31159K, committed 31552K, reserved 1114112K
  class space    used 3342K, committed 3520K, reserved 1048576K
GC Heap History (20 events):
Event: 79044.907 GC heap after
{Heap after GC invocations=127132 (full 0):
 garbage-first heap   total 389120K, used 93360K [0x0000000082e00000, 0x0000000100000000)
  region size 1024K, 1 young (1024K), 1 survivors (1024K)
 Metaspace       used 31159K, committed 31552K, reserved 1114112K
  class space    used 3342K, committed 3520K, reserved 1048576K
}
Event: 79045.286 GC heap before
{Heap before GC invocations=127132 (full 0):
 garbage-first heap   total 389120K, used 325808K [0x0000000082e00000, 0x0000000100000000)
  region size 1024K, 228 young (233472K), 1 survivors (1024K)
 Metaspace       used 31159K, committed 31552K, reserved 1114112K
  class space    used 3342K, committed 3520K, reserved 1048576K
}
Event: 79045.289 GC heap after
{Heap after GC invocations=127133 (full 0):
 garbage-first heap   total 389120K, used 93358K [0x0000000082e00000, 0x0000000100000000)
  region size 1024K, 1 young (1024K), 1 survivors (1024K)
 Metaspace       used 31159K, committed 31552K, reserved 1114112K
  class space    used 3342K, committed 3520K, reserved 1048576K
}
Event: 79046.244 GC heap before
{Heap before GC invocations=127133 (full 0):
 garbage-first heap   total 389120K, used 325806K [0x0000000082e00000, 0x0000000100000000)
  region size 1024K, 228 young (233472K), 1 survivors (1024K)
 Metaspace       used 31159K, committed 31552K, reserved 1114112K
  class space    used 3342K, committed 3520K, reserved 1048576K
}
Event: 79046.245 GC heap after
{Heap after GC invocations=127134 (full 0):
 garbage-first heap   total 389120K, used 93356K [0x0000000082e00000, 0x0000000100000000)
  region size 1024K, 1 young (1024K), 1 survivors (1024K)
 Metaspace       used 31159K, committed 31552K, reserved 1114112K
  class space    used 3342K, committed 3520K, reserved 1048576K
}
Event: 79046.696 GC heap before
{Heap before GC invocations=127134 (full 0):
 garbage-first heap   total 389120K, used 325804K [0x0000000082e00000, 0x0000000100000000)
  region size 1024K, 228 young (233472K), 1 survivors (1024K)
 Metaspace       used 31159K, committed 31552K, reserved 1114112K
  class space    used 3342K, committed 3520K, reserved 1048576K
}
Event: 79046.698 GC heap after
{Heap after GC invocations=127135 (full 0):
 garbage-first heap   total 389120K, used 93360K [0x0000000082e00000, 0x0000000100000000)
  region size 1024K, 1 young (1024K), 1 survivors (1024K)
 Metaspace       used 31159K, committed 31552K, reserved 1114112K
  class space    used 3342K, committed 3520K, reserved 1048576K
}
Event: 79047.141 GC heap before
{Heap before GC invocations=127135 (full 0):
 garbage-first heap   total 389120K, used 325808K [0x0000000082e00000, 0x0000000100000000)
  region size 1024K, 228 young (233472K), 1 survivors (1024K)
 Metaspace       used 31159K, committed 31552K, reserved 1114112K
  class space    used 3342K, committed 3520K, reserved 1048576K
}
Event: 79047.143 GC heap after
{Heap after GC invocations=127136 (full 0):
 garbage-first heap   total 389120K, used 93360K [0x0000000082e00000, 0x0000000100000000)
  region size 1024K, 1 young (1024K), 1 survivors (1024K)
 Metaspace       used 31159K, committed 31552K, reserved 1114112K
  class space    used 3342K, committed 3520K, reserved 1048576K
}
Event: 79047.579 GC heap before
{Heap before GC invocations=127136 (full 0):
 garbage-first heap   total 389120K, used 325808K [0x0000000082e00000, 0x0000000100000000)
  region size 1024K, 228 young (233472K), 1 survivors (1024K)
 Metaspace       used 31159K, committed 31552K, reserved 1114112K
  class space    used 3342K, committed 3520K, reserved 1048576K
}
Event: 79047.580 GC heap after
{Heap after GC invocations=127137 (full 0):
 garbage-first heap   total 389120K, used 93358K [0x0000000082e00000, 0x0000000100000000)
  region size 1024K, 1 young (1024K), 1 survivors (1024K)
 Metaspace       used 31159K, committed 31552K, reserved 1114112K
  class space    used 3342K, committed 3520K, reserved 1048576K
}
Event: 79047.960 GC heap before
{Heap before GC invocations=127137 (full 0):
 garbage-first heap   total 389120K, used 325806K [0x0000000082e00000, 0x0000000100000000)
  region size 1024K, 228 young (233472K), 1 survivors (1024K)
 Metaspace       used 31159K, committed 31552K, reserved 1114112K
  class space    used 3342K, committed 3520K, reserved 1048576K
}
Event: 79047.961 GC heap after
{Heap after GC invocations=127138 (full 0):
 garbage-first heap   total 389120K, used 93360K [0x0000000082e00000, 0x0000000100000000)
  region size 1024K, 1 young (1024K), 1 survivors (1024K)
 Metaspace       used 31159K, committed 31552K, reserved 1114112K
  class space    used 3342K, committed 3520K, reserved 1048576K
}
Event: 79048.382 GC heap before
{Heap before GC invocations=127138 (full 0):
 garbage-first heap   total 389120K, used 325808K [0x0000000082e00000, 0x0000000100000000)
  region size 1024K, 228 young (233472K), 1 survivors (1024K)
 Metaspace       used 31159K, committed 31552K, reserved 1114112K
  class space    used 3342K, committed 3520K, reserved 1048576K
}
Event: 79048.384 GC heap after
{Heap after GC invocations=127139 (full 0):
 garbage-first heap   total 389120K, used 93358K [0x0000000082e00000, 0x0000000100000000)
  region size 1024K, 1 young (1024K), 1 survivors (1024K)
 Metaspace       used 31159K, committed 31552K, reserved 1114112K
  class space    used 3342K, committed 3520K, reserved 1048576K
}
Event: 79048.766 GC heap before
{Heap before GC invocations=127139 (full 0):
 garbage-first heap   total 389120K, used 325806K [0x0000000082e00000, 0x0000000100000000)
  region size 1024K, 228 young (233472K), 1 survivors (1024K)
 Metaspace       used 31159K, committed 31552K, reserved 1114112K
  class space    used 3342K, committed 3520K, reserved 1048576K
}
Event: 79048.767 GC heap after
{Heap after GC invocations=127140 (full 0):
 garbage-first heap   total 389120K, used 93360K [0x0000000082e00000, 0x0000000100000000)
  region size 1024K, 1 young (1024K), 1 survivors (1024K)
 Metaspace       used 31159K, committed 31552K, reserved 1114112K
  class space    used 3342K, committed 3520K, reserved 1048576K
}
Event: 79048.998 GC heap before
{Heap before GC invocations=127140 (full 0):
 garbage-first heap   total 389120K, used 325808K [0x0000000082e00000, 0x0000000100000000)
  region size 1024K, 228 young (233472K), 1 survivors (1024K)
 Metaspace       used 31159K, committed 31552K, reserved 1114112K
  class space    used 3342K, committed 3520K, reserved 1048576K
}
Event: 79048.999 GC heap after
{Heap after GC invocations=127141 (full 0):
 garbage-first heap   total 389120K, used 93358K [0x0000000082e00000, 0x0000000100000000)
  region size 1024K, 1 young (1024K), 1 survivors (1024K)
 Metaspace       used 31159K, committed 31552K, reserved 1114112K
  class space    used 3342K, committed 3520K, reserved 1048576K
}
Event: 79049.222 GC heap before
{Heap before GC invocations=127141 (full 0):
 garbage-first heap   total 389120K, used 325806K [0x0000000082e00000, 0x0000000100000000)
  region size 1024K, 228 young (233472K), 1 survivors (1024K)
 Metaspace       used 31159K, committed 31552K, reserved 1114112K
  class space    used 3342K, committed 3520K, reserved 1048576K
}

